                                          CREST
                     COUPLED ROUTING AND EXCESS STORAGE (OU & NASA)
                               Version 2.1 10/31/2014
 
 Run start date and time (yyyy/mm/dd hh:mm:ss): 2015/08/12 11:04:38
 
 
  Running Style is Simulation!
   Model Start Time: 2003010100    
   Model End Time: 2003011000    
 
           1  2003-01-01 00:00:00
           2  2003-01-01 03:00:00
           3  2003-01-01 06:00:00
           4  2003-01-01 09:00:00
           5  2003-01-01 12:00:00
           6  2003-01-01 15:00:00
           7  2003-01-01 18:00:00
           8  2003-01-01 21:00:00
           9  2003-01-02 00:00:00
          10  2003-01-02 03:00:00
          11  2003-01-02 06:00:00
          12  2003-01-02 09:00:00
          13  2003-01-02 12:00:00
          14  2003-01-02 15:00:00
          15  2003-01-02 18:00:00
          16  2003-01-02 21:00:00
          17  2003-01-03 00:00:00
          18  2003-01-03 03:00:00
          19  2003-01-03 06:00:00
          20  2003-01-03 09:00:00
          21  2003-01-03 12:00:00
          22  2003-01-03 15:00:00
          23  2003-01-03 18:00:00
          24  2003-01-03 21:00:00
          25  2003-01-04 00:00:00
          26  2003-01-04 03:00:00
          27  2003-01-04 06:00:00
          28  2003-01-04 09:00:00
          29  2003-01-04 12:00:00
          30  2003-01-04 15:00:00
          31  2003-01-04 18:00:00
          32  2003-01-04 21:00:00
          33  2003-01-05 00:00:00
          34  2003-01-05 03:00:00
          35  2003-01-05 06:00:00
          36  2003-01-05 09:00:00
          37  2003-01-05 12:00:00
          38  2003-01-05 15:00:00
          39  2003-01-05 18:00:00
          40  2003-01-05 21:00:00
          41  2003-01-06 00:00:00
          42  2003-01-06 03:00:00
          43  2003-01-06 06:00:00
          44  2003-01-06 09:00:00
          45  2003-01-06 12:00:00
          46  2003-01-06 15:00:00
          47  2003-01-06 18:00:00
          48  2003-01-06 21:00:00
          49  2003-01-07 00:00:00
          50  2003-01-07 03:00:00
          51  2003-01-07 06:00:00
          52  2003-01-07 09:00:00
          53  2003-01-07 12:00:00
          54  2003-01-07 15:00:00
          55  2003-01-07 18:00:00
          56  2003-01-07 21:00:00
          57  2003-01-08 00:00:00
          58  2003-01-08 03:00:00
          59  2003-01-08 06:00:00
          60  2003-01-08 09:00:00
          61  2003-01-08 12:00:00
          62  2003-01-08 15:00:00
          63  2003-01-08 18:00:00
          64  2003-01-08 21:00:00
          65  2003-01-09 00:00:00
          66  2003-01-09 03:00:00
          67  2003-01-09 06:00:00
          68  2003-01-09 09:00:00
          69  2003-01-09 12:00:00
          70  2003-01-09 15:00:00
          71  2003-01-09 18:00:00
          72  2003-01-09 21:00:00
          73  2003-01-10 00:00:00
 
   The results of the Outlet is: 
      NSCE:   0.999999999347340     
      Bias(%):   1.274079823865293E-004
      CC:   0.999999999679887     
 
 
 Run end date and time (yyyy/mm/dd hh:mm:ss): 2015/08/12 11:04:41
 Elapsed run time:  2.489 Seconds

